This file contains any messages produced by compilers while
running configure, to aid debugging if configure makes a mistake.

It was created by libsecp256k1 configure 0.1, which was
generated by GNU Autoconf 2.69.  Invocation command line was

  $ ./configure --disable-option-checking --prefix=/home/sobae/hdac_core/depends/x86_64-unknown-linux-gnu --enable-cxx --enable-shared --enable-static --with-pic --disable-shared --with-pic --enable-module-recovery --with-bignum=no --cache-file=/dev/null --srcdir=.

## --------- ##
## Platform. ##
## --------- ##

hostname = hdpaydev
uname -m = x86_64
uname -r = 3.10.0-693.5.2.el7.x86_64
uname -s = Linux
uname -v = #1 SMP Fri Oct 20 20:32:50 UTC 2017

/usr/bin/uname -p = x86_64
/bin/uname -X     = unknown

/bin/arch              = x86_64
/usr/bin/arch -k       = unknown
/usr/convex/getsysinfo = unknown
/usr/bin/hostinfo      = unknown
/bin/machine           = unknown
/usr/bin/oslevel       = unknown
/bin/universe          = unknown

PATH: /home/sobae/hdac_core/depends/x86_64-unknown-linux-gnu/native/bin
PATH: /usr/lib64/qt-3.3/bin
PATH: /usr/local/bin
PATH: /usr/bin
PATH: /usr/local/sbin
PATH: /usr/sbin
PATH: /usr/lib
PATH: /home/sobae/.local/bin
PATH: /home/sobae/bin


## ----------- ##
## Core tests. ##
## ----------- ##

configure:2222: loading site script /home/sobae/hdac_core/depends/x86_64-unknown-linux-gnu/share/config.site
| cross_compiling=maybe
| host_alias=x86_64-unknown-linux-gnu
| ac_tool_prefix=${host_alias}-
| 
| if test -z $with_boost; then
|   with_boost=$prefix
| fi
| if test -z $with_qt_plugindir; then
|   with_qt_plugindir=$prefix/plugins
| fi
| if test -z $with_qt_translationdir; then
|   with_qt_translationdir=$prefix/translations
| fi
| if test -z $with_qt_bindir; then
|   with_qt_bindir=$prefix/native/bin
| fi
| if test -z $with_protoc_bindir; then
|   with_protoc_bindir=$prefix/native/bin
| fi
| if test -z $with_comparison_tool; then
|   with_comparison_tool=$prefix/native/share/BitcoindComparisonTool_jar/BitcoindComparisonTool.jar
| fi
| 
| 
| if test -z $enable_wallet && test -n ""; then
|   enable_wallet=no
| fi
| 
| if test -z $with_miniupnpc && test -n ""; then
|   with_miniupnpc=no
| fi
| 
| if test -z $with_gui && test -n ""; then
|   with_gui=no
| fi
| 
| if test xlinux = xdarwin; then
|   BREW=no
|   PORT=no
| fi
| 
| if test xlinux = xmingw32; then
|   if test -z $with_qt_incdir; then
|     with_qt_incdir=$prefix/include
|   fi
|   if test -z $with_qt_libdir; then
|     with_qt_libdir=$prefix/lib
|   fi
| fi
| 
| PATH=$prefix/native/bin:$PATH
| PKG_CONFIG="`which pkg-config` --static"
| 
| # These two need to remain exported because pkg-config does not see them
| # otherwise. That means they must be unexported at the end of configure.ac to
| # avoid ruining the cache. Sigh.
| 
| export PKG_CONFIG_LIBDIR=$prefix/lib/pkgconfig
| export PKG_CONFIG_PATH=$prefix/share/pkgconfig
| 
| CPPFLAGS="-I$prefix/include/ $CPPFLAGS"
| LDFLAGS="-L$prefix/lib $LDFLAGS"
| 
| CC="gcc -m64"
| CXX="g++ -m64"
| OBJC="${CC}"
| OBJCXX="${CXX}"
| CCACHE=$prefix/native/bin/ccache
| 
| if test -n "ar"; then
|   AR=ar
|   ac_cv_path_ac_pt_AR=${AR}
| fi
| 
| if test -n "ranlib"; then
|   RANLIB=ranlib
|   ac_cv_path_ac_pt_RANLIB=${RANLIB}
| fi
| 
| if test -n "nm"; then
|   NM=nm
|   ac_cv_path_ac_pt_NM=${NM}
| fi
| 
| if test -n ""; then
|   enable_reduce_exports=no
| fi
| 
| if test -n "-pipe -O2"; then
|   CFLAGS="-pipe -O2 $CFLAGS"
| fi
| if test -n "-pipe -O2"; then
|   CXXFLAGS="-pipe -O2 $CXXFLAGS"
| fi
| if test -n ""; then
|   CPPFLAGS=" $CPPFLAGS"
| fi
| if test -n ""; then
|   LDFLAGS=" $LDFLAGS"
| fi
configure:2352: checking build system type
configure:2366: result: x86_64-unknown-linux-gnu
configure:2386: checking host system type
configure:2399: result: x86_64-unknown-linux-gnu
configure:2438: checking for a BSD-compatible install
configure:2506: result: /usr/bin/install -c
configure:2517: checking whether build environment is sane
configure:2572: result: yes
configure:2631: checking for x86_64-unknown-linux-gnu-strip
configure:2661: result: no
configure:2671: checking for strip
configure:2687: found /usr/bin/strip
configure:2698: result: strip
configure:2723: checking for a thread-safe mkdir -p
configure:2762: result: /usr/bin/mkdir -p
configure:2769: checking for gawk
configure:2785: found /usr/bin/gawk
configure:2796: result: gawk
configure:2807: checking whether make sets $(MAKE)
configure:2829: result: yes
configure:2858: checking whether make supports nested variables
configure:2875: result: yes
configure:3005: checking how to print strings
configure:3032: result: printf
configure:3065: checking for style of include used by make
configure:3093: result: GNU
configure:3124: checking for x86_64-unknown-linux-gnu-gcc
configure:3151: result: gcc -m64
configure:3420: checking for C compiler version
configure:3429: gcc -m64 --version >&5
gcc (GCC) 4.8.5 20150623 (Red Hat 4.8.5-16)
Copyright (C) 2015 Free Software Foundation, Inc.
This is free software; see the source for copying conditions.  There is NO
warranty; not even for MERCHANTABILITY or FITNESS FOR A PARTICULAR PURPOSE.

configure:3440: $? = 0
configure:3429: gcc -m64 -v >&5
Using built-in specs.
COLLECT_GCC=gcc
COLLECT_LTO_WRAPPER=/usr/libexec/gcc/x86_64-redhat-linux/4.8.5/lto-wrapper
Target: x86_64-redhat-linux
Configured with: ../configure --prefix=/usr --mandir=/usr/share/man --infodir=/usr/share/info --with-bugurl=http://bugzilla.redhat.com/bugzilla --enable-bootstrap --enable-shared --enable-threads=posix --enable-checking=release --with-system-zlib --enable-__cxa_atexit --disable-libunwind-exceptions --enable-gnu-unique-object --enable-linker-build-id --with-linker-hash-style=gnu --enable-languages=c,c++,objc,obj-c++,java,fortran,ada,go,lto --enable-plugin --enable-initfini-array --disable-libgcj --with-isl=/builddir/build/BUILD/gcc-4.8.5-20150702/obj-x86_64-redhat-linux/isl-install --with-cloog=/builddir/build/BUILD/gcc-4.8.5-20150702/obj-x86_64-redhat-linux/cloog-install --enable-gnu-indirect-function --with-tune=generic --with-arch_32=x86-64 --build=x86_64-redhat-linux
Thread model: posix
gcc version 4.8.5 20150623 (Red Hat 4.8.5-16) (GCC) 
configure:3440: $? = 0
configure:3429: gcc -m64 -V >&5
gcc: error: unrecognized command line option '-V'
gcc: fatal error: no input files
compilation terminated.
configure:3440: $? = 4
configure:3429: gcc -m64 -qversion >&5
gcc: error: unrecognized command line option '-qversion'
gcc: fatal error: no input files
compilation terminated.
configure:3440: $? = 4
configure:3460: checking whether the C compiler works
configure:3482: gcc -m64 -pipe -O2  -I/home/sobae/hdac_core/depends/x86_64-unknown-linux-gnu/include/  -L/home/sobae/hdac_core/depends/x86_64-unknown-linux-gnu/lib  conftest.c  >&5
configure:3486: $? = 0
configure:3534: result: yes
configure:3537: checking for C compiler default output file name
configure:3539: result: a.out
configure:3545: checking for suffix of executables
configure:3552: gcc -m64 -o conftest -pipe -O2  -I/home/sobae/hdac_core/depends/x86_64-unknown-linux-gnu/include/  -L/home/sobae/hdac_core/depends/x86_64-unknown-linux-gnu/lib  conftest.c  >&5
configure:3556: $? = 0
configure:3578: result: 
configure:3600: checking whether we are cross compiling
configure:3608: gcc -m64 -o conftest -pipe -O2  -I/home/sobae/hdac_core/depends/x86_64-unknown-linux-gnu/include/  -L/home/sobae/hdac_core/depends/x86_64-unknown-linux-gnu/lib  conftest.c  >&5
configure:3612: $? = 0
configure:3619: ./conftest
configure:3623: $? = 0
configure:3638: result: no
configure:3643: checking for suffix of object files
configure:3665: gcc -m64 -c -pipe -O2  -I/home/sobae/hdac_core/depends/x86_64-unknown-linux-gnu/include/  conftest.c >&5
configure:3669: $? = 0
configure:3690: result: o
configure:3694: checking whether we are using the GNU C compiler
configure:3713: gcc -m64 -c -pipe -O2  -I/home/sobae/hdac_core/depends/x86_64-unknown-linux-gnu/include/  conftest.c >&5
configure:3713: $? = 0
configure:3722: result: yes
configure:3731: checking whether gcc -m64 accepts -g
configure:3751: gcc -m64 -c -g -I/home/sobae/hdac_core/depends/x86_64-unknown-linux-gnu/include/  conftest.c >&5
configure:3751: $? = 0
configure:3792: result: yes
configure:3809: checking for gcc -m64 option to accept ISO C89
configure:3872: gcc -m64  -c -pipe -O2  -I/home/sobae/hdac_core/depends/x86_64-unknown-linux-gnu/include/  conftest.c >&5
configure:3872: $? = 0
configure:3885: result: none needed
configure:3907: checking dependency style of gcc -m64
configure:4018: result: gcc3
configure:4033: checking for a sed that does not truncate output
configure:4097: result: /usr/bin/sed
configure:4115: checking for grep that handles long lines and -e
configure:4173: result: /usr/bin/grep
configure:4178: checking for egrep
configure:4240: result: /usr/bin/grep -E
configure:4245: checking for fgrep
configure:4307: result: /usr/bin/grep -F
configure:4342: checking for ld used by gcc -m64
configure:4409: result: /usr/bin/ld
configure:4416: checking if the linker (/usr/bin/ld) is GNU ld
configure:4431: result: yes
configure:4443: checking for BSD- or MS-compatible name lister (nm)
configure:4492: result: nm
configure:4622: checking the name lister (nm) interface
configure:4629: gcc -m64 -c -pipe -O2  -I/home/sobae/hdac_core/depends/x86_64-unknown-linux-gnu/include/  conftest.c >&5
configure:4632: nm "conftest.o"
configure:4635: output
0000000000000000 B some_variable
configure:4642: result: BSD nm
configure:4645: checking whether ln -s works
configure:4649: result: yes
configure:4657: checking the maximum length of command line arguments
configure:4787: result: 1572864
configure:4804: checking whether the shell understands some XSI constructs
configure:4814: result: yes
configure:4818: checking whether the shell understands "+="
configure:4824: result: yes
configure:4859: checking how to convert x86_64-unknown-linux-gnu file names to x86_64-unknown-linux-gnu format
configure:4899: result: func_convert_file_noop
configure:4906: checking how to convert x86_64-unknown-linux-gnu file names to toolchain format
configure:4926: result: func_convert_file_noop
configure:4933: checking for /usr/bin/ld option to reload object files
configure:4940: result: -r
configure:4974: checking for x86_64-unknown-linux-gnu-objdump
configure:5004: result: no
configure:5014: checking for objdump
configure:5030: found /usr/bin/objdump
configure:5041: result: objdump
configure:5073: checking how to recognize dependent libraries
configure:5275: result: pass_all
configure:5320: checking for x86_64-unknown-linux-gnu-dlltool
configure:5350: result: no
configure:5360: checking for dlltool
configure:5390: result: no
configure:5420: checking how to associate runtime and link libraries
configure:5447: result: printf %s\n
configure:5464: checking for x86_64-unknown-linux-gnu-ar
configure:5491: result: ar
configure:5572: checking for archiver @FILE support
configure:5589: gcc -m64 -c -pipe -O2  -I/home/sobae/hdac_core/depends/x86_64-unknown-linux-gnu/include/  conftest.c >&5
configure:5589: $? = 0
configure:5592: ar cru libconftest.a @conftest.lst >&5
configure:5595: $? = 0
configure:5600: ar cru libconftest.a @conftest.lst >&5
ar: conftest.o: No such file or directory
configure:5603: $? = 1
configure:5615: result: @
configure:5633: checking for x86_64-unknown-linux-gnu-strip
configure:5660: result: strip
configure:5732: checking for x86_64-unknown-linux-gnu-ranlib
configure:5759: result: ranlib
configure:5901: checking command to parse nm output from gcc -m64 object
configure:6021: gcc -m64 -c -pipe -O2  -I/home/sobae/hdac_core/depends/x86_64-unknown-linux-gnu/include/  conftest.c >&5
configure:6024: $? = 0
configure:6028: nm conftest.o \| sed -n -e 's/^.*[ ]\([ABCDGIRSTW][ABCDGIRSTW]*\)[ ][ ]*\([_A-Za-z][_A-Za-z0-9]*\)$/\1 \2 \2/p' | sed '/ __gnu_lto/d' \> conftest.nm
configure:6031: $? = 0
configure:6097: gcc -m64 -o conftest -pipe -O2  -I/home/sobae/hdac_core/depends/x86_64-unknown-linux-gnu/include/  -L/home/sobae/hdac_core/depends/x86_64-unknown-linux-gnu/lib  conftest.c conftstm.o >&5
configure:6100: $? = 0
configure:6138: result: ok
configure:6175: checking for sysroot
configure:6205: result: no
configure:6282: gcc -m64 -c -pipe -O2  -I/home/sobae/hdac_core/depends/x86_64-unknown-linux-gnu/include/  conftest.c >&5
configure:6285: $? = 0
configure:6421: checking for x86_64-unknown-linux-gnu-mt
configure:6451: result: no
configure:6461: checking for mt
configure:6477: found /usr/bin/mt
configure:6488: result: mt
configure:6511: checking if mt is a manifest tool
configure:6517: mt '-?'
usage: mt [-v] [--version] [-h] [ -f device ] command [ count ]
configure:6525: result: no
configure:7167: checking how to run the C preprocessor
configure:7198: gcc -m64 -E -I/home/sobae/hdac_core/depends/x86_64-unknown-linux-gnu/include/  conftest.c
configure:7198: $? = 0
configure:7212: gcc -m64 -E -I/home/sobae/hdac_core/depends/x86_64-unknown-linux-gnu/include/  conftest.c
conftest.c:11:28: fatal error: ac_nonexistent.h: No such file or directory
 #include <ac_nonexistent.h>
                            ^
compilation terminated.
configure:7212: $? = 1
configure: failed program was:
| /* confdefs.h */
| #define PACKAGE_NAME "libsecp256k1"
| #define PACKAGE_TARNAME "libsecp256k1"
| #define PACKAGE_VERSION "0.1"
| #define PACKAGE_STRING "libsecp256k1 0.1"
| #define PACKAGE_BUGREPORT ""
| #define PACKAGE_URL ""
| #define PACKAGE "libsecp256k1"
| #define VERSION "0.1"
| /* end confdefs.h.  */
| #include <ac_nonexistent.h>
configure:7237: result: gcc -m64 -E
configure:7257: gcc -m64 -E -I/home/sobae/hdac_core/depends/x86_64-unknown-linux-gnu/include/  conftest.c
configure:7257: $? = 0
configure:7271: gcc -m64 -E -I/home/sobae/hdac_core/depends/x86_64-unknown-linux-gnu/include/  conftest.c
conftest.c:11:28: fatal error: ac_nonexistent.h: No such file or directory
 #include <ac_nonexistent.h>
                            ^
compilation terminated.
configure:7271: $? = 1
configure: failed program was:
| /* confdefs.h */
| #define PACKAGE_NAME "libsecp256k1"
| #define PACKAGE_TARNAME "libsecp256k1"
| #define PACKAGE_VERSION "0.1"
| #define PACKAGE_STRING "libsecp256k1 0.1"
| #define PACKAGE_BUGREPORT ""
| #define PACKAGE_URL ""
| #define PACKAGE "libsecp256k1"
| #define VERSION "0.1"
| /* end confdefs.h.  */
| #include <ac_nonexistent.h>
configure:7300: checking for ANSI C header files
configure:7320: gcc -m64 -c -pipe -O2  -I/home/sobae/hdac_core/depends/x86_64-unknown-linux-gnu/include/  conftest.c >&5
configure:7320: $? = 0
configure:7393: gcc -m64 -o conftest -pipe -O2  -I/home/sobae/hdac_core/depends/x86_64-unknown-linux-gnu/include/  -L/home/sobae/hdac_core/depends/x86_64-unknown-linux-gnu/lib  conftest.c  >&5
configure:7393: $? = 0
configure:7393: ./conftest
configure:7393: $? = 0
configure:7404: result: yes
configure:7417: checking for sys/types.h
configure:7417: gcc -m64 -c -pipe -O2  -I/home/sobae/hdac_core/depends/x86_64-unknown-linux-gnu/include/  conftest.c >&5
configure:7417: $? = 0
configure:7417: result: yes
configure:7417: checking for sys/stat.h
configure:7417: gcc -m64 -c -pipe -O2  -I/home/sobae/hdac_core/depends/x86_64-unknown-linux-gnu/include/  conftest.c >&5
configure:7417: $? = 0
configure:7417: result: yes
configure:7417: checking for stdlib.h
configure:7417: gcc -m64 -c -pipe -O2  -I/home/sobae/hdac_core/depends/x86_64-unknown-linux-gnu/include/  conftest.c >&5
configure:7417: $? = 0
configure:7417: result: yes
configure:7417: checking for string.h
configure:7417: gcc -m64 -c -pipe -O2  -I/home/sobae/hdac_core/depends/x86_64-unknown-linux-gnu/include/  conftest.c >&5
configure:7417: $? = 0
configure:7417: result: yes
configure:7417: checking for memory.h
configure:7417: gcc -m64 -c -pipe -O2  -I/home/sobae/hdac_core/depends/x86_64-unknown-linux-gnu/include/  conftest.c >&5
configure:7417: $? = 0
configure:7417: result: yes
configure:7417: checking for strings.h
configure:7417: gcc -m64 -c -pipe -O2  -I/home/sobae/hdac_core/depends/x86_64-unknown-linux-gnu/include/  conftest.c >&5
configure:7417: $? = 0
configure:7417: result: yes
configure:7417: checking for inttypes.h
configure:7417: gcc -m64 -c -pipe -O2  -I/home/sobae/hdac_core/depends/x86_64-unknown-linux-gnu/include/  conftest.c >&5
configure:7417: $? = 0
configure:7417: result: yes
configure:7417: checking for stdint.h
configure:7417: gcc -m64 -c -pipe -O2  -I/home/sobae/hdac_core/depends/x86_64-unknown-linux-gnu/include/  conftest.c >&5
configure:7417: $? = 0
configure:7417: result: yes
configure:7417: checking for unistd.h
configure:7417: gcc -m64 -c -pipe -O2  -I/home/sobae/hdac_core/depends/x86_64-unknown-linux-gnu/include/  conftest.c >&5
configure:7417: $? = 0
configure:7417: result: yes
configure:7431: checking for dlfcn.h
configure:7431: gcc -m64 -c -pipe -O2  -I/home/sobae/hdac_core/depends/x86_64-unknown-linux-gnu/include/  conftest.c >&5
configure:7431: $? = 0
configure:7431: result: yes
configure:7637: checking for objdir
configure:7652: result: .libs
configure:7923: checking if gcc -m64 supports -fno-rtti -fno-exceptions
configure:7941: gcc -m64 -c -pipe -O2  -I/home/sobae/hdac_core/depends/x86_64-unknown-linux-gnu/include/  -fno-rtti -fno-exceptions conftest.c >&5
cc1: warning: command line option '-fno-rtti' is valid for C++/ObjC++ but not for C [enabled by default]
configure:7945: $? = 0
configure:7958: result: no
configure:8285: checking for gcc -m64 option to produce PIC
configure:8292: result: -fPIC -DPIC
configure:8300: checking if gcc -m64 PIC flag -fPIC -DPIC works
configure:8318: gcc -m64 -c -pipe -O2  -I/home/sobae/hdac_core/depends/x86_64-unknown-linux-gnu/include/  -fPIC -DPIC -DPIC conftest.c >&5
configure:8322: $? = 0
configure:8335: result: yes
configure:8364: checking if gcc -m64 static flag -static works
configure:8392: result: no
configure:8407: checking if gcc -m64 supports -c -o file.o
configure:8428: gcc -m64 -c -pipe -O2  -I/home/sobae/hdac_core/depends/x86_64-unknown-linux-gnu/include/  -o out/conftest2.o conftest.c >&5
configure:8432: $? = 0
configure:8454: result: yes
configure:8462: checking if gcc -m64 supports -c -o file.o
configure:8509: result: yes
configure:8542: checking whether the gcc -m64 linker (/usr/bin/ld -m elf_x86_64) supports shared libraries
configure:9695: result: yes
configure:9935: checking dynamic linker characteristics
configure:10446: gcc -m64 -o conftest -pipe -O2  -I/home/sobae/hdac_core/depends/x86_64-unknown-linux-gnu/include/  -L/home/sobae/hdac_core/depends/x86_64-unknown-linux-gnu/lib  -Wl,-rpath -Wl,/foo conftest.c  >&5
configure:10446: $? = 0
configure:10672: result: GNU/Linux ld.so
configure:10779: checking how to hardcode library paths into programs
configure:10804: result: immediate
configure:11344: checking whether stripping libraries is possible
configure:11349: result: yes
configure:11384: checking if libtool supports shared libraries
configure:11386: result: yes
configure:11389: checking whether to build shared libraries
configure:11410: result: no
configure:11413: checking whether to build static libraries
configure:11417: result: yes
configure:11466: checking whether make supports nested variables
configure:11483: result: yes
configure:11506: checking for x86_64-unknown-linux-gnu-pkg-config
configure:11536: result: /usr/bin/pkg-config --static
configure:11604: checking pkg-config is at least version 0.9.0
configure:11607: result: yes
configure:11619: checking for x86_64-unknown-linux-gnu-ar
configure:11652: result: no
configure:11662: checking for ar
configure:11692: result: ar
configure:11717: checking for x86_64-unknown-linux-gnu-ranlib
configure:11750: result: no
configure:11760: checking for ranlib
configure:11790: result: ranlib
configure:11815: checking for x86_64-unknown-linux-gnu-strip
configure:11848: result: no
configure:11858: checking for strip
configure:11876: found /usr/bin/strip
configure:11888: result: /usr/bin/strip
configure:11917: checking whether gcc -m64 and cc understand -c and -o together
configure:11948: gcc -m64 -c conftest.c -o conftest2.o >&5
configure:11952: $? = 0
configure:11958: gcc -m64 -c conftest.c -o conftest2.o >&5
configure:11962: $? = 0
configure:11973: cc -c conftest.c >&5
configure:11977: $? = 0
configure:11985: cc -c conftest.c -o conftest2.o >&5
configure:11989: $? = 0
configure:11995: cc -c conftest.c -o conftest2.o >&5
configure:11999: $? = 0
configure:12017: result: yes
configure:12043: checking for gcc -m64 option to accept ISO C89
configure:12119: result: none needed
configure:12248: checking if gcc -m64 supports -std=c89 -pedantic -Wall -Wextra -Wcast-align -Wnested-externs -Wshadow -Wstrict-prototypes -Wno-unused-function -Wno-long-long -Wno-overlength-strings
configure:12254: gcc -m64 -c -pipe -O2  -W -std=c89 -pedantic -Wall -Wextra -Wcast-align -Wnested-externs -Wshadow -Wstrict-prototypes -Wno-unused-function -Wno-long-long -Wno-overlength-strings -I/home/sobae/hdac_core/depends/x86_64-unknown-linux-gnu/include/  conftest.c >&5
configure:12254: $? = 0
configure:12255: result: yes
configure:12267: checking if gcc -m64 supports -fvisibility=hidden
configure:12273: gcc -m64 -c -pipe -O2  -W -std=c89 -pedantic -Wall -Wextra -Wcast-align -Wnested-externs -Wshadow -Wstrict-prototypes -Wno-unused-function -Wno-long-long -Wno-overlength-strings -fvisibility=hidden -I/home/sobae/hdac_core/depends/x86_64-unknown-linux-gnu/include/  conftest.c >&5
configure:12273: $? = 0
configure:12274: result: yes
configure:12376: checking for __int128
configure:12376: gcc -m64 -c -pipe -O2  -W -std=c89 -pedantic -Wall -Wextra -Wcast-align -Wnested-externs -Wshadow -Wstrict-prototypes -Wno-unused-function -Wno-long-long -Wno-overlength-strings -fvisibility=hidden -I/home/sobae/hdac_core/depends/x86_64-unknown-linux-gnu/include/  conftest.c >&5
conftest.c:57:1: warning: function declaration isn't a prototype [-Wstrict-prototypes]
 main ()
 ^
conftest.c: In function 'main':
conftest.c:59:13: warning: ISO C does not support '__int128' type [-Wpedantic]
 if (sizeof (__int128))
             ^
configure:12376: $? = 0
configure:12376: gcc -m64 -c -pipe -O2  -W -std=c89 -pedantic -Wall -Wextra -Wcast-align -Wnested-externs -Wshadow -Wstrict-prototypes -Wno-unused-function -Wno-long-long -Wno-overlength-strings -fvisibility=hidden -I/home/sobae/hdac_core/depends/x86_64-unknown-linux-gnu/include/  conftest.c >&5
conftest.c:57:1: warning: function declaration isn't a prototype [-Wstrict-prototypes]
 main ()
 ^
conftest.c: In function 'main':
conftest.c:59:14: warning: ISO C does not support '__int128' type [-Wpedantic]
 if (sizeof ((__int128)))
              ^
conftest.c:59:23: error: expected expression before ')' token
 if (sizeof ((__int128)))
                       ^
configure:12376: $? = 1
configure: failed program was:
| /* confdefs.h */
| #define PACKAGE_NAME "libsecp256k1"
| #define PACKAGE_TARNAME "libsecp256k1"
| #define PACKAGE_VERSION "0.1"
| #define PACKAGE_STRING "libsecp256k1 0.1"
| #define PACKAGE_BUGREPORT ""
| #define PACKAGE_URL ""
| #define PACKAGE "libsecp256k1"
| #define VERSION "0.1"
| #define STDC_HEADERS 1
| #define HAVE_SYS_TYPES_H 1
| #define HAVE_SYS_STAT_H 1
| #define HAVE_STDLIB_H 1
| #define HAVE_STRING_H 1
| #define HAVE_MEMORY_H 1
| #define HAVE_STRINGS_H 1
| #define HAVE_INTTYPES_H 1
| #define HAVE_STDINT_H 1
| #define HAVE_UNISTD_H 1
| #define HAVE_DLFCN_H 1
| #define LT_OBJDIR ".libs/"
| /* end confdefs.h.  */
| #include <stdio.h>
| #ifdef HAVE_SYS_TYPES_H
| # include <sys/types.h>
| #endif
| #ifdef HAVE_SYS_STAT_H
| # include <sys/stat.h>
| #endif
| #ifdef STDC_HEADERS
| # include <stdlib.h>
| # include <stddef.h>
| #else
| # ifdef HAVE_STDLIB_H
| #  include <stdlib.h>
| # endif
| #endif
| #ifdef HAVE_STRING_H
| # if !defined STDC_HEADERS && defined HAVE_MEMORY_H
| #  include <memory.h>
| # endif
| # include <string.h>
| #endif
| #ifdef HAVE_STRINGS_H
| # include <strings.h>
| #endif
| #ifdef HAVE_INTTYPES_H
| # include <inttypes.h>
| #endif
| #ifdef HAVE_STDINT_H
| # include <stdint.h>
| #endif
| #ifdef HAVE_UNISTD_H
| # include <unistd.h>
| #endif
| int
| main ()
| {
| if (sizeof ((__int128)))
| 	    return 0;
|   ;
|   return 0;
| }
configure:12376: result: yes
configure:12387: checking for __builtin_expect
configure:12393: gcc -m64 -c -pipe -O2  -W -std=c89 -pedantic -Wall -Wextra -Wcast-align -Wnested-externs -Wshadow -Wstrict-prototypes -Wno-unused-function -Wno-long-long -Wno-overlength-strings -fvisibility=hidden -I/home/sobae/hdac_core/depends/x86_64-unknown-linux-gnu/include/  conftest.c >&5
conftest.c:24:6: warning: function declaration isn't a prototype [-Wstrict-prototypes]
 void myfunc() {__builtin_expect(0,0);}
      ^
conftest.c: In function 'myfunc':
conftest.c:24:16: warning: statement with no effect [-Wunused-value]
 void myfunc() {__builtin_expect(0,0);}
                ^
configure:12393: $? = 0
configure:12394: result: yes
configure:12407: checking for x86_64 assembly availability
configure:12424: gcc -m64 -c -pipe -O2  -W -std=c89 -pedantic -Wall -Wextra -Wcast-align -Wnested-externs -Wshadow -Wstrict-prototypes -Wno-unused-function -Wno-long-long -Wno-overlength-strings -fvisibility=hidden -I/home/sobae/hdac_core/depends/x86_64-unknown-linux-gnu/include/  conftest.c >&5
conftest.c:28:1: warning: function declaration isn't a prototype [-Wstrict-prototypes]
 main ()
 ^
conftest.c: In function 'main':
conftest.c:32:3: warning: 'tmp' is used uninitialized in this function [-Wuninitialized]
   __asm__ __volatile__("movq SECP_64BIT_ASM_CHECKx100000000,%1; mulq %%rsi" : "+a"(a) : "S"(tmp) : "cc", "%rdx");
   ^
configure:12424: $? = 0
configure:12430: result: yes
configure:12771: checking for CRYPTO
configure:12778: $PKG_CONFIG --exists --print-errors "libcrypto"
configure:12781: $? = 0
configure:12795: $PKG_CONFIG --exists --print-errors "libcrypto"
configure:12798: $? = 0
configure:12836: result: yes
configure:12843: checking for main in -lcrypto
configure:12862: gcc -m64 -o conftest -pipe -O2  -W -std=c89 -pedantic -Wall -Wextra -Wcast-align -Wnested-externs -Wshadow -Wstrict-prototypes -Wno-unused-function -Wno-long-long -Wno-overlength-strings -fvisibility=hidden -I/home/sobae/hdac_core/depends/x86_64-unknown-linux-gnu/include/  -L/home/sobae/hdac_core/depends/x86_64-unknown-linux-gnu/lib  conftest.c -lcrypto   -L/home/sobae/hdac_core/depends/x86_64-unknown-linux-gnu/lib -lcrypto -ldl   >&5
conftest.c:34:1: warning: function declaration isn't a prototype [-Wstrict-prototypes]
 main ()
 ^
configure:12862: $? = 0
configure:12871: result: yes
configure:12935: checking for EC functions in libcrypto
configure:12956: gcc -m64 -c -pipe -O2  -W -std=c89 -pedantic -Wall -Wextra -Wcast-align -Wnested-externs -Wshadow -Wstrict-prototypes -Wno-unused-function -Wno-long-long -Wno-overlength-strings -fvisibility=hidden -I/home/sobae/hdac_core/depends/x86_64-unknown-linux-gnu/include/  conftest.c >&5
conftest.c:37:1: warning: function declaration isn't a prototype [-Wstrict-prototypes]
 main ()
 ^
configure:12956: $? = 0
configure:12962: result: yes
configure:13017: checking whether byte ordering is bigendian
configure:13032: gcc -m64 -c -pipe -O2  -W -std=c89 -pedantic -Wall -Wextra -Wcast-align -Wnested-externs -Wshadow -Wstrict-prototypes -Wno-unused-function -Wno-long-long -Wno-overlength-strings -fvisibility=hidden -I/home/sobae/hdac_core/depends/x86_64-unknown-linux-gnu/include/  conftest.c >&5
conftest.c:36:9: error: unknown type name 'not'
         not a universal capable compiler
         ^
conftest.c:36:15: error: expected '=', ',', ';', 'asm' or '__attribute__' before 'universal'
         not a universal capable compiler
               ^
conftest.c:36:15: error: unknown type name 'universal'
configure:13032: $? = 1
configure: failed program was:
| /* confdefs.h */
| #define PACKAGE_NAME "libsecp256k1"
| #define PACKAGE_TARNAME "libsecp256k1"
| #define PACKAGE_VERSION "0.1"
| #define PACKAGE_STRING "libsecp256k1 0.1"
| #define PACKAGE_BUGREPORT ""
| #define PACKAGE_URL ""
| #define PACKAGE "libsecp256k1"
| #define VERSION "0.1"
| #define STDC_HEADERS 1
| #define HAVE_SYS_TYPES_H 1
| #define HAVE_SYS_STAT_H 1
| #define HAVE_STDLIB_H 1
| #define HAVE_STRING_H 1
| #define HAVE_MEMORY_H 1
| #define HAVE_STRINGS_H 1
| #define HAVE_INTTYPES_H 1
| #define HAVE_STDINT_H 1
| #define HAVE_UNISTD_H 1
| #define HAVE_DLFCN_H 1
| #define LT_OBJDIR ".libs/"
| #define HAVE___INT128 1
| #define HAVE_BUILTIN_EXPECT 1
| #define USE_ASM_X86_64 1
| #define USE_FIELD_5X52 1
| #define USE_NUM_NONE 1
| #define USE_FIELD_INV_BUILTIN 1
| #define USE_SCALAR_INV_BUILTIN 1
| #define USE_SCALAR_4X64 1
| #define HAVE_LIBCRYPTO 1
| #define ENABLE_OPENSSL_TESTS 1
| #define USE_ECMULT_STATIC_PRECOMPUTATION 1
| #define ENABLE_MODULE_RECOVERY 1
| /* end confdefs.h.  */
| #ifndef __APPLE_CC__
| 	       not a universal capable compiler
| 	     #endif
| 	     typedef int dummy;
| 
configure:13077: gcc -m64 -c -pipe -O2  -W -std=c89 -pedantic -Wall -Wextra -Wcast-align -Wnested-externs -Wshadow -Wstrict-prototypes -Wno-unused-function -Wno-long-long -Wno-overlength-strings -fvisibility=hidden -I/home/sobae/hdac_core/depends/x86_64-unknown-linux-gnu/include/  conftest.c >&5
conftest.c:39:1: warning: function declaration isn't a prototype [-Wstrict-prototypes]
 main ()
 ^
conftest.c: In function 'main':
conftest.c:42:8: error: unknown type name 'bogus'
        bogus endian macros
        ^
conftest.c:42:21: error: expected '=', ',', ';', 'asm' or '__attribute__' before 'macros'
        bogus endian macros
                     ^
configure:13077: $? = 1
configure: failed program was:
| /* confdefs.h */
| #define PACKAGE_NAME "libsecp256k1"
| #define PACKAGE_TARNAME "libsecp256k1"
| #define PACKAGE_VERSION "0.1"
| #define PACKAGE_STRING "libsecp256k1 0.1"
| #define PACKAGE_BUGREPORT ""
| #define PACKAGE_URL ""
| #define PACKAGE "libsecp256k1"
| #define VERSION "0.1"
| #define STDC_HEADERS 1
| #define HAVE_SYS_TYPES_H 1
| #define HAVE_SYS_STAT_H 1
| #define HAVE_STDLIB_H 1
| #define HAVE_STRING_H 1
| #define HAVE_MEMORY_H 1
| #define HAVE_STRINGS_H 1
| #define HAVE_INTTYPES_H 1
| #define HAVE_STDINT_H 1
| #define HAVE_UNISTD_H 1
| #define HAVE_DLFCN_H 1
| #define LT_OBJDIR ".libs/"
| #define HAVE___INT128 1
| #define HAVE_BUILTIN_EXPECT 1
| #define USE_ASM_X86_64 1
| #define USE_FIELD_5X52 1
| #define USE_NUM_NONE 1
| #define USE_FIELD_INV_BUILTIN 1
| #define USE_SCALAR_INV_BUILTIN 1
| #define USE_SCALAR_4X64 1
| #define HAVE_LIBCRYPTO 1
| #define ENABLE_OPENSSL_TESTS 1
| #define USE_ECMULT_STATIC_PRECOMPUTATION 1
| #define ENABLE_MODULE_RECOVERY 1
| /* end confdefs.h.  */
| #include <sys/types.h>
| 	     #include <sys/param.h>
| 
| int
| main ()
| {
| #if ! (defined BYTE_ORDER && defined BIG_ENDIAN 		     && defined LITTLE_ENDIAN && BYTE_ORDER && BIG_ENDIAN 		     && LITTLE_ENDIAN)
| 	      bogus endian macros
| 	     #endif
| 
|   ;
|   return 0;
| }
configure:13121: gcc -m64 -c -pipe -O2  -W -std=c89 -pedantic -Wall -Wextra -Wcast-align -Wnested-externs -Wshadow -Wstrict-prototypes -Wno-unused-function -Wno-long-long -Wno-overlength-strings -fvisibility=hidden -I/home/sobae/hdac_core/depends/x86_64-unknown-linux-gnu/include/  conftest.c >&5
conftest.c:38:1: warning: function declaration isn't a prototype [-Wstrict-prototypes]
 main ()
 ^
conftest.c: In function 'main':
conftest.c:41:8: error: unknown type name 'bogus'
        bogus endian macros
        ^
conftest.c:41:21: error: expected '=', ',', ';', 'asm' or '__attribute__' before 'macros'
        bogus endian macros
                     ^
configure:13121: $? = 1
configure: failed program was:
| /* confdefs.h */
| #define PACKAGE_NAME "libsecp256k1"
| #define PACKAGE_TARNAME "libsecp256k1"
| #define PACKAGE_VERSION "0.1"
| #define PACKAGE_STRING "libsecp256k1 0.1"
| #define PACKAGE_BUGREPORT ""
| #define PACKAGE_URL ""
| #define PACKAGE "libsecp256k1"
| #define VERSION "0.1"
| #define STDC_HEADERS 1
| #define HAVE_SYS_TYPES_H 1
| #define HAVE_SYS_STAT_H 1
| #define HAVE_STDLIB_H 1
| #define HAVE_STRING_H 1
| #define HAVE_MEMORY_H 1
| #define HAVE_STRINGS_H 1
| #define HAVE_INTTYPES_H 1
| #define HAVE_STDINT_H 1
| #define HAVE_UNISTD_H 1
| #define HAVE_DLFCN_H 1
| #define LT_OBJDIR ".libs/"
| #define HAVE___INT128 1
| #define HAVE_BUILTIN_EXPECT 1
| #define USE_ASM_X86_64 1
| #define USE_FIELD_5X52 1
| #define USE_NUM_NONE 1
| #define USE_FIELD_INV_BUILTIN 1
| #define USE_SCALAR_INV_BUILTIN 1
| #define USE_SCALAR_4X64 1
| #define HAVE_LIBCRYPTO 1
| #define ENABLE_OPENSSL_TESTS 1
| #define USE_ECMULT_STATIC_PRECOMPUTATION 1
| #define ENABLE_MODULE_RECOVERY 1
| /* end confdefs.h.  */
| #include <limits.h>
| 
| int
| main ()
| {
| #if ! (defined _LITTLE_ENDIAN || defined _BIG_ENDIAN)
| 	      bogus endian macros
| 	     #endif
| 
|   ;
|   return 0;
| }
configure:13212: gcc -m64 -o conftest -pipe -O2  -W -std=c89 -pedantic -Wall -Wextra -Wcast-align -Wnested-externs -Wshadow -Wstrict-prototypes -Wno-unused-function -Wno-long-long -Wno-overlength-strings -fvisibility=hidden -I/home/sobae/hdac_core/depends/x86_64-unknown-linux-gnu/include/  -L/home/sobae/hdac_core/depends/x86_64-unknown-linux-gnu/lib  conftest.c  >&5
conftest.c:69:1: warning: function declaration isn't a prototype [-Wstrict-prototypes]
 main ()
 ^
configure:13212: $? = 0
configure:13212: ./conftest
configure:13212: $? = 0
configure:13223: result: no
configure:13242: Using assembly optimizations: x86_64
configure:13244: Using field implementation: 64bit
configure:13246: Using bignum implementation: no
configure:13248: Using scalar implementation: 64bit
configure:13250: Using endomorphism optimizations: no
configure:13252: Building ECDH module: no
configure:13255: Building Schnorr signatures module: no
configure:13257: Building ECDSA pubkey recovery module: yes
configure:13430: checking that generated files are newer than configure
configure:13436: result: done
configure:13484: creating ./config.status

## ---------------------- ##
## Running config.status. ##
## ---------------------- ##

This file was extended by libsecp256k1 config.status 0.1, which was
generated by GNU Autoconf 2.69.  Invocation command line was

  CONFIG_FILES    = 
  CONFIG_HEADERS  = 
  CONFIG_LINKS    = 
  CONFIG_COMMANDS = 
  $ ./config.status 

on hdpaydev

config.status:1117: creating Makefile
config.status:1117: creating libsecp256k1.pc
config.status:1117: creating src/libsecp256k1-config.h
config.status:1298: src/libsecp256k1-config.h is unchanged
config.status:1346: executing depfiles commands
config.status:1346: executing libtool commands

## ---------------- ##
## Cache variables. ##
## ---------------- ##

ac_cv_build=x86_64-unknown-linux-gnu
ac_cv_c_bigendian=no
ac_cv_c_compiler_gnu=yes
ac_cv_env_CC_set=
ac_cv_env_CC_value=
ac_cv_env_CFLAGS_set=
ac_cv_env_CFLAGS_value=
ac_cv_env_CPPFLAGS_set=
ac_cv_env_CPPFLAGS_value=
ac_cv_env_CPP_set=
ac_cv_env_CPP_value=
ac_cv_env_CRYPTO_CFLAGS_set=
ac_cv_env_CRYPTO_CFLAGS_value=
ac_cv_env_CRYPTO_LIBS_set=
ac_cv_env_CRYPTO_LIBS_value=
ac_cv_env_LDFLAGS_set=
ac_cv_env_LDFLAGS_value=
ac_cv_env_LIBS_set=
ac_cv_env_LIBS_value=
ac_cv_env_PKG_CONFIG_LIBDIR_set=
ac_cv_env_PKG_CONFIG_LIBDIR_value=
ac_cv_env_PKG_CONFIG_PATH_set=
ac_cv_env_PKG_CONFIG_PATH_value=
ac_cv_env_PKG_CONFIG_set=
ac_cv_env_PKG_CONFIG_value=
ac_cv_env_build_alias_set=
ac_cv_env_build_alias_value=
ac_cv_env_host_alias_set=
ac_cv_env_host_alias_value=
ac_cv_env_target_alias_set=
ac_cv_env_target_alias_value=
ac_cv_header_dlfcn_h=yes
ac_cv_header_inttypes_h=yes
ac_cv_header_memory_h=yes
ac_cv_header_stdc=yes
ac_cv_header_stdint_h=yes
ac_cv_header_stdlib_h=yes
ac_cv_header_string_h=yes
ac_cv_header_strings_h=yes
ac_cv_header_sys_stat_h=yes
ac_cv_header_sys_types_h=yes
ac_cv_header_unistd_h=yes
ac_cv_host=x86_64-unknown-linux-gnu
ac_cv_lib_crypto_main=yes
ac_cv_objext=o
ac_cv_path_EGREP='/usr/bin/grep -E'
ac_cv_path_FGREP='/usr/bin/grep -F'
ac_cv_path_GREP=/usr/bin/grep
ac_cv_path_PKG_CONFIG='/usr/bin/pkg-config --static'
ac_cv_path_SED=/usr/bin/sed
ac_cv_path_ac_pt_AR=ar
ac_cv_path_ac_pt_NM=nm
ac_cv_path_ac_pt_RANLIB=ranlib
ac_cv_path_ac_pt_STRIP=/usr/bin/strip
ac_cv_path_install='/usr/bin/install -c'
ac_cv_path_mkdir=/usr/bin/mkdir
ac_cv_prog_AR=ar
ac_cv_prog_AWK=gawk
ac_cv_prog_CC='gcc -m64'
ac_cv_prog_CPP='gcc -m64 -E'
ac_cv_prog_RANLIB=ranlib
ac_cv_prog_STRIP=strip
ac_cv_prog_ac_ct_MANIFEST_TOOL=mt
ac_cv_prog_ac_ct_OBJDUMP=objdump
ac_cv_prog_ac_ct_STRIP=strip
ac_cv_prog_cc_c89=
ac_cv_prog_cc_g=yes
ac_cv_prog_cc_gcc_c_o=yes
ac_cv_prog_make_make_set=yes
ac_cv_type___int128=yes
am_cv_CC_dependencies_compiler_type=gcc3
am_cv_make_support_nested_variables=yes
lt_cv_ar_at_file=@
lt_cv_deplibs_check_method=pass_all
lt_cv_file_magic_cmd='$MAGIC_CMD'
lt_cv_file_magic_test_file=
lt_cv_ld_reload_flag=-r
lt_cv_nm_interface='BSD nm'
lt_cv_objdir=.libs
lt_cv_path_LD=/usr/bin/ld
lt_cv_path_NM=nm
lt_cv_path_mainfest_tool=no
lt_cv_prog_compiler_c_o=yes
lt_cv_prog_compiler_pic='-fPIC -DPIC'
lt_cv_prog_compiler_pic_works=yes
lt_cv_prog_compiler_rtti_exceptions=no
lt_cv_prog_compiler_static_works=no
lt_cv_prog_gnu_ld=yes
lt_cv_sharedlib_from_linklib_cmd='printf %s\n'
lt_cv_shlibpath_overrides_runpath=no
lt_cv_sys_global_symbol_pipe='sed -n -e '\''s/^.*[	 ]\([ABCDGIRSTW][ABCDGIRSTW]*\)[	 ][	 ]*\([_A-Za-z][_A-Za-z0-9]*\)$/\1 \2 \2/p'\'' | sed '\''/ __gnu_lto/d'\'''
lt_cv_sys_global_symbol_to_c_name_address='sed -n -e '\''s/^: \([^ ]*\)[ ]*$/  {\"\1\", (void *) 0},/p'\'' -e '\''s/^[ABCDGIRSTW]* \([^ ]*\) \([^ ]*\)$/  {"\2", (void *) \&\2},/p'\'''
lt_cv_sys_global_symbol_to_c_name_address_lib_prefix='sed -n -e '\''s/^: \([^ ]*\)[ ]*$/  {\"\1\", (void *) 0},/p'\'' -e '\''s/^[ABCDGIRSTW]* \([^ ]*\) \(lib[^ ]*\)$/  {"\2", (void *) \&\2},/p'\'' -e '\''s/^[ABCDGIRSTW]* \([^ ]*\) \([^ ]*\)$/  {"lib\2", (void *) \&\2},/p'\'''
lt_cv_sys_global_symbol_to_cdecl='sed -n -e '\''s/^T .* \(.*\)$/extern int \1();/p'\'' -e '\''s/^[ABCDGIRSTW]* .* \(.*\)$/extern char \1;/p'\'''
lt_cv_sys_max_cmd_len=1572864
lt_cv_to_host_file_cmd=func_convert_file_noop
lt_cv_to_tool_file_cmd=func_convert_file_noop
pkg_cv_CRYPTO_CFLAGS='-I/home/sobae/hdac_core/depends/x86_64-unknown-linux-gnu/include  '
pkg_cv_CRYPTO_LIBS='-L/home/sobae/hdac_core/depends/x86_64-unknown-linux-gnu/lib -lcrypto -ldl  '

## ----------------- ##
## Output variables. ##
## ----------------- ##

ACLOCAL='${SHELL} /home/sobae/hdac_core/src/secp256k1/build-aux/missing aclocal-1.13'
AMDEPBACKSLASH='\'
AMDEP_FALSE='#'
AMDEP_TRUE=''
AMTAR='$${TAR-tar}'
AM_BACKSLASH='\'
AM_DEFAULT_V='$(AM_DEFAULT_VERBOSITY)'
AM_DEFAULT_VERBOSITY='0'
AM_V='$(V)'
AR='ar'
AUTOCONF='${SHELL} /home/sobae/hdac_core/src/secp256k1/build-aux/missing autoconf'
AUTOHEADER='${SHELL} /home/sobae/hdac_core/src/secp256k1/build-aux/missing autoheader'
AUTOMAKE='${SHELL} /home/sobae/hdac_core/src/secp256k1/build-aux/missing automake-1.13'
AWK='gawk'
BREW=''
CC='gcc -m64'
CCDEPMODE='depmode=gcc3'
CFLAGS='-pipe -O2  -W -std=c89 -pedantic -Wall -Wextra -Wcast-align -Wnested-externs -Wshadow -Wstrict-prototypes -Wno-unused-function -Wno-long-long -Wno-overlength-strings -fvisibility=hidden'
CPP='gcc -m64 -E'
CPPFLAGS='-I/home/sobae/hdac_core/depends/x86_64-unknown-linux-gnu/include/ '
CRYPTO_CFLAGS='-I/home/sobae/hdac_core/depends/x86_64-unknown-linux-gnu/include  '
CRYPTO_LIBS='-L/home/sobae/hdac_core/depends/x86_64-unknown-linux-gnu/lib -lcrypto -ldl  '
CYGPATH_W='echo'
DEFS='-DHAVE_CONFIG_H'
DEPDIR='.deps'
DLLTOOL='false'
DSYMUTIL=''
DUMPBIN=''
ECHO_C=''
ECHO_N='-n'
ECHO_T=''
EGREP='/usr/bin/grep -E'
ENABLE_MODULE_ECDH_FALSE=''
ENABLE_MODULE_ECDH_TRUE='#'
ENABLE_MODULE_RECOVERY_FALSE='#'
ENABLE_MODULE_RECOVERY_TRUE=''
ENABLE_MODULE_SCHNORR_FALSE=''
ENABLE_MODULE_SCHNORR_TRUE='#'
EXEEXT=''
FGREP='/usr/bin/grep -F'
GREP='/usr/bin/grep'
INSTALL_DATA='${INSTALL} -m 644'
INSTALL_PROGRAM='${INSTALL}'
INSTALL_SCRIPT='${INSTALL}'
INSTALL_STRIP_PROGRAM='$(install_sh) -c -s'
LD='/usr/bin/ld -m elf_x86_64'
LDFLAGS='-L/home/sobae/hdac_core/depends/x86_64-unknown-linux-gnu/lib '
LIBOBJS=''
LIBS=''
LIBTOOL='$(SHELL) $(top_builddir)/libtool'
LIPO=''
LN_S='ln -s'
LTLIBOBJS=''
MAKEINFO='${SHELL} /home/sobae/hdac_core/src/secp256k1/build-aux/missing makeinfo'
MANIFEST_TOOL=':'
MKDIR_P='/usr/bin/mkdir -p'
NM='nm'
NMEDIT=''
OBJDUMP='objdump'
OBJEXT='o'
OTOOL64=''
OTOOL=''
PACKAGE='libsecp256k1'
PACKAGE_BUGREPORT=''
PACKAGE_NAME='libsecp256k1'
PACKAGE_STRING='libsecp256k1 0.1'
PACKAGE_TARNAME='libsecp256k1'
PACKAGE_URL=''
PACKAGE_VERSION='0.1'
PATH_SEPARATOR=':'
PKG_CONFIG='/usr/bin/pkg-config --static'
PKG_CONFIG_LIBDIR='/home/sobae/hdac_core/depends/x86_64-unknown-linux-gnu/lib/pkgconfig'
PKG_CONFIG_PATH='/home/sobae/hdac_core/depends/x86_64-unknown-linux-gnu/share/pkgconfig'
PORT=''
RANLIB='ranlib'
SECP_INCLUDES=''
SECP_LIBS=''
SECP_TEST_INCLUDES=' -I/home/sobae/hdac_core/depends/x86_64-unknown-linux-gnu/include  '
SECP_TEST_LIBS='-L/home/sobae/hdac_core/depends/x86_64-unknown-linux-gnu/lib -lcrypto -ldl  '
SED='/usr/bin/sed'
SET_MAKE=''
SHELL='/bin/sh'
STRIP='/usr/bin/strip'
USE_BENCHMARK_FALSE=''
USE_BENCHMARK_TRUE='#'
USE_ECMULT_STATIC_PRECOMPUTATION_FALSE='#'
USE_ECMULT_STATIC_PRECOMPUTATION_TRUE=''
USE_TESTS_FALSE='#'
USE_TESTS_TRUE=''
VERSION='0.1'
ac_ct_AR=''
ac_ct_CC=''
ac_ct_DUMPBIN=''
am__EXEEXT_FALSE=''
am__EXEEXT_TRUE='#'
am__fastdepCC_FALSE='#'
am__fastdepCC_TRUE=''
am__include='include'
am__isrc=''
am__leading_dot='.'
am__nodep='_no'
am__quote=''
am__tar='$${TAR-tar} chof - "$$tardir"'
am__untar='$${TAR-tar} xf -'
bindir='${exec_prefix}/bin'
build='x86_64-unknown-linux-gnu'
build_alias=''
build_cpu='x86_64'
build_os='linux-gnu'
build_vendor='unknown'
datadir='${datarootdir}'
datarootdir='${prefix}/share'
docdir='${datarootdir}/doc/${PACKAGE_TARNAME}'
dvidir='${docdir}'
exec_prefix='${prefix}'
host='x86_64-unknown-linux-gnu'
host_alias='x86_64-unknown-linux-gnu'
host_cpu='x86_64'
host_os='linux-gnu'
host_vendor='unknown'
htmldir='${docdir}'
includedir='${prefix}/include'
infodir='${datarootdir}/info'
install_sh='${SHELL} /home/sobae/hdac_core/src/secp256k1/build-aux/install-sh'
libdir='${exec_prefix}/lib'
libexecdir='${exec_prefix}/libexec'
localedir='${datarootdir}/locale'
localstatedir='${prefix}/var'
mandir='${datarootdir}/man'
mkdir_p='$(MKDIR_P)'
oldincludedir='/usr/include'
pdfdir='${docdir}'
prefix='/home/sobae/hdac_core/depends/x86_64-unknown-linux-gnu'
program_transform_name='s,x,x,'
psdir='${docdir}'
sbindir='${exec_prefix}/sbin'
sharedstatedir='${prefix}/com'
sysconfdir='${prefix}/etc'
target_alias=''

## ----------- ##
## confdefs.h. ##
## ----------- ##

/* confdefs.h */
#define PACKAGE_NAME "libsecp256k1"
#define PACKAGE_TARNAME "libsecp256k1"
#define PACKAGE_VERSION "0.1"
#define PACKAGE_STRING "libsecp256k1 0.1"
#define PACKAGE_BUGREPORT ""
#define PACKAGE_URL ""
#define PACKAGE "libsecp256k1"
#define VERSION "0.1"
#define STDC_HEADERS 1
#define HAVE_SYS_TYPES_H 1
#define HAVE_SYS_STAT_H 1
#define HAVE_STDLIB_H 1
#define HAVE_STRING_H 1
#define HAVE_MEMORY_H 1
#define HAVE_STRINGS_H 1
#define HAVE_INTTYPES_H 1
#define HAVE_STDINT_H 1
#define HAVE_UNISTD_H 1
#define HAVE_DLFCN_H 1
#define LT_OBJDIR ".libs/"
#define HAVE___INT128 1
#define HAVE_BUILTIN_EXPECT 1
#define USE_ASM_X86_64 1
#define USE_FIELD_5X52 1
#define USE_NUM_NONE 1
#define USE_FIELD_INV_BUILTIN 1
#define USE_SCALAR_INV_BUILTIN 1
#define USE_SCALAR_4X64 1
#define HAVE_LIBCRYPTO 1
#define ENABLE_OPENSSL_TESTS 1
#define USE_ECMULT_STATIC_PRECOMPUTATION 1
#define ENABLE_MODULE_RECOVERY 1

configure: exit 0
